  speechManager.cpp
C:\Program Files (x86)\Windows Kits\10\Include\10.0.18362.0\ucrt\bits\stdc++.h(1,1): warning C4819: 该文件包含不能在当前代码页(936)中表示的字符。请将该文件保存为 Unicode 格式以防止数据丢失
E:\Mycode\my_VisualStudio_Code\演讲比赛管理系统\演讲比赛管理系统\speechManager.cpp(50,20): warning C4018: “<”: 有符号/无符号不匹配
E:\Mycode\my_VisualStudio_Code\演讲比赛管理系统\演讲比赛管理系统\speechManager.cpp(77,14): warning C4244: “参数”: 从“time_t”转换到“unsigned int”，可能丢失数据
C:\Program Files (x86)\Microsoft Visual Studio\2019\Community\VC\Tools\MSVC\14.28.29333\include\numeric(35,26): warning C4244: “=”: 从“double”转换到“_Ty”，可能丢失数据
          with
          [
              _Ty=float
          ]
C:\Program Files (x86)\Microsoft Visual Studio\2019\Community\VC\Tools\MSVC\14.28.29333\include\numeric(44): message : 查看对正在编译的函数 模板 实例化“_Ty std::accumulate<_InIt,_Ty,std::plus<void>>(const _InIt,const _InIt,_Ty,_Fn)”的引用
          with
          [
              _Ty=float,
              _InIt=std::_Deque_iterator<std::_Deque_val<std::_Deque_simple_types<double>>>,
              _Fn=std::plus<void>
          ]
E:\Mycode\my_VisualStudio_Code\演讲比赛管理系统\演讲比赛管理系统\speechManager.cpp(87): message : 查看对正在编译的函数 模板 实例化“_Ty std::accumulate<std::_Deque_iterator<std::_Deque_val<std::_Deque_simple_types<double>>>,float>(const _InIt,const _InIt,_Ty)”的引用
          with
          [
              _Ty=float,
              _InIt=std::_Deque_iterator<std::_Deque_val<std::_Deque_simple_types<double>>>
          ]
  演讲比赛管理系统.vcxproj -> E:\Mycode\my_VisualStudio_Code\演讲比赛管理系统\Debug\演讲比赛管理系统.exe
